<?xml version="1.0" encoding="UTF-8"?>
<!-- Generated by org.testng.reporters.JUnitXMLReporter -->
<testsuite ignored="0" hostname="DESKTOP-4ET1BVI" failures="0" tests="2" name="Default test" time="15.593" errors="0" timestamp="2024-02-18T15:16:22 IST">
  <testcase classname="org.icsetlearnertracker.test.TestAdminUser" name="checkadminloginform" time="2.243"/>
  <testcase classname="org.icsetlearnertracker.test.TestAdminUser" name="updateuser" time="7.582"/>
</testsuite> <!-- Default test -->
